<?xml version="1.0" encoding="UTF-8"?>
<!-- Generated by org.testng.reporters.JUnitReportReporter -->
<testsuite hostname="DESKTOP-PG39M5C" failures="0" tests="2" name="practice.sdet31.testNgPractice.MultipleDataTest" time="0.054" errors="0" timestamp="2022-03-15T16:42:26 IST" skipped="0">
  <testcase classname="practice.sdet31.testNgPractice.MultipleDataTest" name="multipleData" time="0.041"/>
  <system-out/>
  <testcase classname="practice.sdet31.testNgPractice.MultipleDataTest" name="multipleData" time="0.013"/>
  <system-out/>
</testsuite> <!-- practice.sdet31.testNgPractice.MultipleDataTest -->
