<?xml version="1.0" encoding="UTF-8"?>
<!-- Generated by org.testng.reporters.JUnitReportReporter -->
<testsuite hostname="DESKTOP-PG39M5C" failures="0" tests="2" name="practice.sdet31.testNgPractice.CreateContactWithDataProviderTest" time="172.820" errors="0" timestamp="2022-03-15T16:04:09 IST" skipped="0">
  <testcase classname="practice.sdet31.testNgPractice.CreateContactWithDataProviderTest" name="createContacts" time="82.985"/>
  <system-out/>
  <testcase classname="practice.sdet31.testNgPractice.CreateContactWithDataProviderTest" name="createContacts" time="89.835"/>
  <system-out/>
</testsuite> <!-- practice.sdet31.testNgPractice.CreateContactWithDataProviderTest -->
