<?xml version="1.0" encoding="UTF-8"?>
<!-- Generated by org.testng.reporters.JUnitReportReporter -->
<testsuite hostname="DESKTOP-PG39M5C" failures="0" tests="1" name="practice.sdet31.testNgPractice.SampleTestNgTest" time="0.035" errors="0" timestamp="2022-03-15T16:49:53 IST" skipped="0">
  <testcase classname="practice.sdet31.testNgPractice.SampleTestNgTest" name="ceateAccount" time="0.035"/>
  <system-out/>
</testsuite> <!-- practice.sdet31.testNgPractice.SampleTestNgTest -->
