<?xml version="1.0" encoding="UTF-8"?>
<!-- Generated by org.testng.reporters.JUnitReportReporter -->
<testsuite hostname="DESKTOP-PG39M5C" failures="0" tests="2" name="practice.sdet31.testNgPractice.DependsOnMethodsTest" time="0.050" errors="0" timestamp="2022-03-15T16:33:43 IST" skipped="0">
  <testcase classname="practice.sdet31.testNgPractice.DependsOnMethodsTest" name="ceateAccount" time="0.043"/>
  <system-out/>
  <testcase classname="practice.sdet31.testNgPractice.DependsOnMethodsTest" name="modifyAccount" time="0.007"/>
  <system-out/>
</testsuite> <!-- practice.sdet31.testNgPractice.DependsOnMethodsTest -->
