<?xml version="1.0" encoding="UTF-8"?>
<!-- Generated by org.testng.reporters.JUnitReportReporter -->
<testsuite hostname="DESKTOP-PG39M5C" failures="0" tests="1" name="com.crm.testNg.TestNGCreateContactAndChooseOrganizationTest" time="138.564" errors="0" timestamp="2022-03-17T15:12:02 IST" skipped="0">
  <testcase classname="com.crm.testNg.TestNGCreateContactAndChooseOrganizationTest" name="createContactAndChooseOrganization" time="138.564"/>
  <system-out/>
</testsuite> <!-- com.crm.testNg.TestNGCreateContactAndChooseOrganizationTest -->
