<?xml version="1.0" encoding="UTF-8"?>
<!-- Generated by org.testng.reporters.JUnitReportReporter -->
<testsuite hostname="DESKTOP-PG39M5C" failures="0" tests="1" name="com.crm.testNg.TestNGCreateLeadBySelectingLeadStatusTest" time="86.588" errors="0" timestamp="2022-03-16T17:39:07 IST" skipped="0">
  <testcase classname="com.crm.testNg.TestNGCreateLeadBySelectingLeadStatusTest" name="createLeadBySelectingLeadStatus" time="86.588"/>
  <system-out/>
</testsuite> <!-- com.crm.testNg.TestNGCreateLeadBySelectingLeadStatusTest -->
