<?xml version="1.0" encoding="UTF-8"?>
<!-- Generated by org.testng.reporters.JUnitReportReporter -->
<testsuite skipped="0" hostname="DESKTOP-PG39M5C" name="com.crm.testNg.ChronologicalOrderTest" tests="1" failures="0" timestamp="2022-04-05T17:21:38 IST" time="0.057" errors="0">
  <testcase name="test1" time="0.057" classname="com.crm.testNg.ChronologicalOrderTest"/>
  <system-out/>
</testsuite> <!-- com.crm.testNg.ChronologicalOrderTest -->
