<?xml version="1.0" encoding="UTF-8"?>
<!-- Generated by org.testng.reporters.JUnitReportReporter -->
<testsuite hostname="DESKTOP-PG39M5C" failures="0" tests="1" name="com.crm.testNg.TestNGCreateCampaignAndChooseProductTest" time="120.788" errors="0" timestamp="2022-03-17T15:12:02 IST" skipped="0">
  <testcase classname="com.crm.testNg.TestNGCreateCampaignAndChooseProductTest" name="createCampaignandChooseProduct" time="120.788"/>
  <system-out/>
</testsuite> <!-- com.crm.testNg.TestNGCreateCampaignAndChooseProductTest -->
