<?xml version="1.0" encoding="UTF-8"?>
<!-- Generated by org.testng.reporters.JUnitReportReporter -->
<testsuite hostname="DESKTOP-PG39M5C" failures="0" tests="1" name="com.crm.testNg.TestNGCreateNewLeadBySelectingDifferentRatingTest" time="86.374" errors="0" timestamp="2022-03-16T17:35:07 IST" skipped="0">
  <testcase classname="com.crm.testNg.TestNGCreateNewLeadBySelectingDifferentRatingTest" name="createNewLeadByRating" time="86.374"/>
  <system-out/>
</testsuite> <!-- com.crm.testNg.TestNGCreateNewLeadBySelectingDifferentRatingTest -->
