<?xml version="1.0" encoding="UTF-8"?>
<!-- Generated by org.testng.reporters.JUnitReportReporter -->
<testsuite skipped="0" hostname="DESKTOP-PG39M5C" name="practice.SeleniumlistofHeaderTest" tests="1" failures="0" timestamp="2022-03-30T16:41:34 IST" time="18.622" errors="0">
  <testcase name="selenium" time="18.622" classname="practice.SeleniumlistofHeaderTest"/>
  <system-out/>
</testsuite> <!-- practice.SeleniumlistofHeaderTest -->
