<?xml version="1.0" encoding="UTF-8"?>
<!-- Generated by org.testng.reporters.JUnitReportReporter -->
<testsuite hostname="DESKTOP-PG39M5C" failures="0" tests="1" name="practice.sdet31.SampleTestNg" time="0.084" errors="0" timestamp="2022-03-11T14:57:38 IST" skipped="0">
  <testcase classname="practice.sdet31.SampleTestNg" name="sample" time="0.084"/>
  <system-out/>
</testsuite> <!-- practice.sdet31.SampleTestNg -->
